{
  "RSpec": {
    "coverage": {
      "/Users/leoo/Sites/spree_contact_us/app/controllers/spree/inquiries_controller.rb": {
        "lines": [
          null,
          null,
          1,
          1,
          1,
          3,
          null,
          null,
          1,
          1,
          null,
          1,
          1,
          null,
          0,
          null,
          null,
          null,
          1,
          0,
          null,
          null,
          1,
          null,
          1,
          null,
          1,
          null,
          null,
          null,
          null,
          1,
          1,
          null,
          null,
          1,
          1,
          0,
          null,
          null,
          null,
          0,
          null,
          0,
          1,
          0,
          null,
          null,
          null,
          1,
          1,
          null,
          null,
          1,
          null,
          0,
          null,
          null,
          null,
          null,
          null,
          1,
          1,
          null,
          null,
          null
        ]
      }
    },
    "timestamp": 1591389780
  }
}
